<?xml version="1.0" encoding="UTF-8"?>
<testng-results ignored="0" total="1" passed="1" failed="0" skipped="0">
  <reporter-output>
    <line>
      <![CDATA[Demowevshop launched Sucessfully]]>
    </line>
  </reporter-output>
  <suite started-at="2025-04-19T10:40:59 IST" name="Default suite" finished-at="2025-04-19T10:41:12 IST" duration-ms="12233">
    <groups>
    </groups>
    <test started-at="2025-04-19T10:40:59 IST" name="Default test" finished-at="2025-04-19T10:41:12 IST" duration-ms="12233">
      <class name="demo.JekinsTest">
        <test-method signature="launch()[pri:0, instance:demo.JekinsTest@6771beb3]" started-at="2025-04-19T10:40:59 IST" name="launch" finished-at="2025-04-19T10:41:12 IST" duration-ms="12156" status="PASS">
          <reporter-output>
            <line>
              <![CDATA[Demowevshop launched Sucessfully]]>
            </line>
          </reporter-output>
        </test-method> <!-- launch -->
      </class> <!-- demo.JekinsTest -->
    </test> <!-- Default test -->
  </suite> <!-- Default suite -->
</testng-results>
